PLINK v1.90b6.21 64-bit (19 Oct 2020)
Options in effect:
  --file Genotype_data
  --make-bed
  --out output_data

Hostname: v1vekkumar1-gwaspipelin-ykuaj2js4mr
Working directory: /workspace/GWAS-Pipeline-Cardiovascular-risk
Start time: Tue Jul  1 13:11:35 2025

Random number seed: 1751375495
64297 MB RAM detected; reserving 32148 MB for main workspace.
Scanning .ped file... done.
Performing single-pass .bed write (1000 variants, 50 people).
--file: output_data-temporary.bed + output_data-temporary.bim +
output_data-temporary.fam written.
1000 variants loaded from .bim file.
50 people (50 males, 0 females) loaded from .fam.
Using 1 thread (no multithreaded calculations invoked).
Before main variant filters, 50 founders and 0 nonfounders present.
Calculating allele frequencies... done.
1000 variants and 50 people pass filters and QC.
Note: No phenotypes present.
--make-bed to output_data.bed + output_data.bim + output_data.fam ... done.

End time: Tue Jul  1 13:11:35 2025
