PLINK v1.90b6.21 64-bit (19 Oct 2020)
Options in effect:
  --bfile data/final_ready
  --logistic
  --out results/gwas_results

Hostname: v1vekkumar1-gwaspipelin-ykuaj2js4mr
Working directory: /workspace/GWAS-Pipeline-Cardiovascular-risk
Start time: Tue Jul  1 13:33:34 2025

Random number seed: 1751376814
64297 MB RAM detected; reserving 32148 MB for main workspace.
1000 variants loaded from .bim file.
50 people (50 males, 0 females) loaded from .fam.
50 phenotype values loaded from .fam.
Using 1 thread (no multithreaded calculations invoked).
Before main variant filters, 50 founders and 0 nonfounders present.
Calculating allele frequencies... done.
1000 variants and 50 people pass filters and QC.
Among remaining phenotypes, 27 are cases and 23 are controls.
Writing logistic model association results to
results/gwas_results.assoc.logistic ... done.

End time: Tue Jul  1 13:33:34 2025
